[INFO ] 2023-06-12 10:16:19.636 [main] Log4jAppender - This is my information message
[INFO ] 2023-06-12 10:16:19.636 [main] Log4jAppender - This is my information message
[ERROR] 2023-06-12 10:16:19.642 [main] Log4jAppender - This is my error message
[ERROR] 2023-06-12 10:16:19.642 [main] Log4jAppender - This is my error message
[DEBUG] 2023-06-12 10:16:19.643 [main] Log4jAppender - This is my debugging message
[DEBUG] 2023-06-12 10:16:19.643 [main] Log4jAppender - This is my debugging message
[WARN ] 2023-06-12 10:16:19.643 [main] Log4jAppender - This is my warning message
[WARN ] 2023-06-12 10:16:19.643 [main] Log4jAppender - This is my warning message
[FATAL] 2023-06-12 10:16:19.643 [main] Log4jAppender - This is my fatal message
[FATAL] 2023-06-12 10:16:19.643 [main] Log4jAppender - This is my fatal message
[INFO ] 2023-06-12 10:17:55.657 [main] Log4jAppender - This is my information message
[INFO ] 2023-06-12 10:17:55.657 [main] Log4jAppender - This is my information message
[ERROR] 2023-06-12 10:17:55.660 [main] Log4jAppender - This is my error message
[ERROR] 2023-06-12 10:17:55.660 [main] Log4jAppender - This is my error message
[DEBUG] 2023-06-12 10:17:55.660 [main] Log4jAppender - This is my debugging message
[DEBUG] 2023-06-12 10:17:55.660 [main] Log4jAppender - This is my debugging message
[WARN ] 2023-06-12 10:17:55.660 [main] Log4jAppender - This is my warning message
[WARN ] 2023-06-12 10:17:55.660 [main] Log4jAppender - This is my warning message
[FATAL] 2023-06-12 10:17:55.660 [main] Log4jAppender - This is my fatal message
[FATAL] 2023-06-12 10:17:55.660 [main] Log4jAppender - This is my fatal message
[INFO ] 2023-06-12 10:22:01.075 [main] Log4jAppender - This is my information message
[ERROR] 2023-06-12 10:22:01.083 [main] Log4jAppender - This is my error message
[DEBUG] 2023-06-12 10:22:01.084 [main] Log4jAppender - This is my debugging message
[WARN ] 2023-06-12 10:22:01.085 [main] Log4jAppender - This is my warning message
[FATAL] 2023-06-12 10:22:01.085 [main] Log4jAppender - This is my fatal message
[INFO ] 2023-06-12 10:29:28.241 [main] GoRestWithLombok - I am done with my testing in the class
[INFO ] 2023-06-12 11:36:13.434 [main] PetStoreWithLombok - This is my information message
[ERROR] 2023-06-12 11:36:13.442 [main] PetStoreWithLombok - This is my error message
[DEBUG] 2023-06-12 11:36:13.443 [main] PetStoreWithLombok - This is my debugging message
[INFO ] 2023-06-12 12:03:07.832 [main] GoRestSchemaValidation - Gorest POST schema is validated
[INFO ] 2023-06-12 12:04:42.748 [main] GoRestSchemaValidation - GoRest POST schema is validated
[INFO ] 2023-06-12 12:07:04.211 [main] GoRestSchemaValidation - GoRest POST schema is validated
[WARN ] 2023-06-12 12:07:04.222 [main] GoRestSchemaValidation - GoRest POST schema is not matching with the expected one
[INFO ] 2023-06-12 12:07:23.840 [main] GoRestSchemaValidation - GoRest POST schema is validated
[DEBUG] 2023-06-12 12:07:23.846 [main] GoRestSchemaValidation - GoRest POST schema is not matching with the expected one
[INFO ] 2023-06-12 12:08:09.770 [main] GoRestSchemaValidation - GoRest POST schema is validated
[DEBUG] 2023-06-12 12:08:09.775 [main] GoRestSchemaValidation - GoRest POST schema is not matching with the expected one
[INFO ] 2023-06-12 12:08:14.090 [main] GoRestSchemaValidation - GoRest POST schema is validated
[WARN ] 2023-06-12 12:08:14.091 [main] GoRestSchemaValidation - GoRest POST schema is not matching with the expected one
[INFO ] 2023-06-12 13:30:43.721 [main] AddPetToStore - 15
[INFO ] 2023-06-12 13:31:49.632 [main] AddPetToStore - 15
[INFO ] 2023-06-12 13:31:49.637 [main] AddPetToStore - 15
[INFO ] 2023-06-12 13:38:41.148 [main] AddPetToStore - 15
[INFO ] 2023-06-12 13:38:41.156 [main] AddPetToStore - 15
[INFO ] 2023-06-12 13:39:37.859 [main] AddPetToStore - 15
[INFO ] 2023-06-12 13:39:37.863 [main] AddPetToStore - 15
[DEBUG] 2023-06-12 13:43:08.840 [main] AddPetToStore - 13 should be matching with the expected one 15
[INFO ] 2023-06-12 13:43:08.847 [main] AddPetToStore - Actual tagsId is = 15
[INFO ] 2023-06-12 13:43:08.847 [main] AddPetToStore - Expected tagsId is = 15
[WARN ] 2023-06-12 13:43:26.878 [main] AddPetToStore - 13 should be matching with the expected one 15
[INFO ] 2023-06-12 13:43:26.887 [main] AddPetToStore - Actual tagsId is = 15
[INFO ] 2023-06-12 13:43:26.887 [main] AddPetToStore - Expected tagsId is = 15
[ERROR] 2023-06-12 13:43:51.983 [main] AddPetToStore - 13 should be matching with the expected one 15
[INFO ] 2023-06-12 13:43:51.990 [main] AddPetToStore - Actual tagsId is = 15
[INFO ] 2023-06-12 13:43:51.990 [main] AddPetToStore - Expected tagsId is = 15
[ERROR] 2023-06-12 13:44:43.262 [main] AddPetToStore - 15 should be matching with the expected one 15
[ERROR] 2023-06-12 13:45:32.919 [main] AddPetToStore - 13 should be matching with the expected one 15
[ERROR] 2023-06-12 13:46:00.751 [main] AddPetToStore - 15 should be matching with the expected one 15
[INFO ] 2023-06-12 13:46:00.764 [main] AddPetToStore - Actual tagsId is = 15
[INFO ] 2023-06-12 13:46:00.764 [main] AddPetToStore - Expected tagsId is = 15
[INFO ] 2023-06-13 11:24:03.230 [main] Runner - 
**************************************************************************************************************
--------------------------------------   LOCAL PRETTY REPORT CREATED   ----------------------------------------
Link: http://localhost:63342/b4-backend-automation/target/cucumber-html-reports/overview-features.html
---------------------------------------------------------------------------------------------------------------
***************************************************************************************************************
[INFO ] 2023-06-13 11:28:50.651 [main] Runner - 
**************************************************************************************************************
--------------------------------------   LOCAL PRETTY REPORT CREATED   ----------------------------------------
Link: http://localhost:63342/b4-backend-automation/target/cucumber-html-reports/overview-features.html
---------------------------------------------------------------------------------------------------------------
***************************************************************************************************************
[INFO ] 2023-06-13 14:03:54.148 [main] Runner - 
**************************************************************************************************************
--------------------------------------   LOCAL PRETTY REPORT CREATED   ----------------------------------------
Link: http://localhost:63342/b4-backend-automation/target/cucumber-html-reports/overview-features.html
---------------------------------------------------------------------------------------------------------------
***************************************************************************************************************
[INFO ] 2023-06-13 14:10:10.237 [main] Runner - 
**************************************************************************************************************
--------------------------------------   LOCAL PRETTY REPORT CREATED   ----------------------------------------
Link: http://localhost:63342/b4-backend-automation/target/cucumber-html-reports/overview-features.html
---------------------------------------------------------------------------------------------------------------
***************************************************************************************************************
[INFO ] 2023-06-13 14:12:07.856 [main] Runner - 
**************************************************************************************************************
--------------------------------------   LOCAL PRETTY REPORT CREATED   ----------------------------------------
Link: http://localhost:63342/b4-backend-automation/target/cucumber-html-reports/overview-features.html
---------------------------------------------------------------------------------------------------------------
***************************************************************************************************************
[INFO ] 2023-06-14 11:30:41.523 [main] AddPetToStoreWithLombokAndDataProvider - Expected pet id should be 3 but we found 3
[INFO ] 2023-06-14 11:30:41.847 [main] AddPetToStoreWithLombokAndDataProvider - Expected pet id should be 4 but we found 4
[INFO ] 2023-06-14 11:30:42.175 [main] AddPetToStoreWithLombokAndDataProvider - Expected pet id should be 5 but we found 5
[INFO ] 2023-06-14 11:40:19.444 [main] AddPetToStoreWithLombokAndDataProvider - I am asserting actual and expected value
[INFO ] 2023-06-14 11:40:19.451 [main] AddPetToStoreWithLombokAndDataProvider - Expected pet id should be 3 but we found 3
[INFO ] 2023-06-14 11:40:19.848 [main] AddPetToStoreWithLombokAndDataProvider - I am asserting actual and expected value
[INFO ] 2023-06-14 11:40:19.848 [main] AddPetToStoreWithLombokAndDataProvider - Expected pet id should be 4 but we found 4
[INFO ] 2023-06-14 11:40:20.166 [main] AddPetToStoreWithLombokAndDataProvider - I am asserting actual and expected value
[INFO ] 2023-06-14 11:40:20.167 [main] AddPetToStoreWithLombokAndDataProvider - Expected pet id should be 5 but we found 5
[INFO ] 2023-06-14 11:42:06.659 [main] AddPetToStoreWithLombokAndDataProvider - I am asserting actual and expected value
[INFO ] 2023-06-14 11:42:06.666 [main] AddPetToStoreWithLombokAndDataProvider - Expected pet id should be 3 but we found 3
[INFO ] 2023-06-14 11:42:07.030 [main] AddPetToStoreWithLombokAndDataProvider - I am asserting actual and expected value
[INFO ] 2023-06-14 11:42:07.031 [main] AddPetToStoreWithLombokAndDataProvider - Expected pet id should be 4 but we found 4
[INFO ] 2023-06-14 11:42:07.348 [main] AddPetToStoreWithLombokAndDataProvider - I am asserting actual and expected value
[INFO ] 2023-06-14 11:42:07.348 [main] AddPetToStoreWithLombokAndDataProvider - Expected pet id should be 5 but we found 5
[INFO ] 2023-06-14 11:42:55.313 [main] AddPetToStoreWithLombokAndDataProvider - I am asserting actual and expected value
[INFO ] 2023-06-14 11:42:55.319 [main] AddPetToStoreWithLombokAndDataProvider - Expected pet id should be 3 but we found 3
[INFO ] 2023-06-14 11:42:55.637 [main] AddPetToStoreWithLombokAndDataProvider - I am asserting actual and expected value
[INFO ] 2023-06-14 11:42:55.637 [main] AddPetToStoreWithLombokAndDataProvider - Expected pet id should be 4 but we found 4
[INFO ] 2023-06-14 11:42:55.931 [main] AddPetToStoreWithLombokAndDataProvider - I am asserting actual and expected value
[INFO ] 2023-06-14 11:42:55.931 [main] AddPetToStoreWithLombokAndDataProvider - Expected pet id should be 5 but we found 5
[INFO ] 2023-06-14 11:44:18.389 [main] AddPetToStoreWithLombokAndDataProvider - I am asserting actual and expected value
[INFO ] 2023-06-14 11:44:18.395 [main] AddPetToStoreWithLombokAndDataProvider - Expected pet id should be 10 but we found 3
[INFO ] 2023-06-14 11:44:18.732 [main] AddPetToStoreWithLombokAndDataProvider - I am asserting actual and expected value
[INFO ] 2023-06-14 11:44:18.732 [main] AddPetToStoreWithLombokAndDataProvider - Expected pet id should be 10 but we found 4
[INFO ] 2023-06-14 11:44:19.044 [main] AddPetToStoreWithLombokAndDataProvider - I am asserting actual and expected value
[INFO ] 2023-06-14 11:44:19.044 [main] AddPetToStoreWithLombokAndDataProvider - Expected pet id should be 10 but we found 5
[INFO ] 2023-06-14 11:45:12.375 [main] AddPetToStoreWithLombokAndDataProvider - I am asserting actual and expected value
[DEBUG] 2023-06-14 11:45:12.386 [main] AddPetToStoreWithLombokAndDataProvider - Expected pet id should be 10 but we found 3
[INFO ] 2023-06-14 11:45:12.682 [main] AddPetToStoreWithLombokAndDataProvider - I am asserting actual and expected value
[DEBUG] 2023-06-14 11:45:12.682 [main] AddPetToStoreWithLombokAndDataProvider - Expected pet id should be 10 but we found 4
[INFO ] 2023-06-14 11:45:13.009 [main] AddPetToStoreWithLombokAndDataProvider - I am asserting actual and expected value
[DEBUG] 2023-06-14 11:45:13.009 [main] AddPetToStoreWithLombokAndDataProvider - Expected pet id should be 10 but we found 5
[INFO ] 2023-06-14 11:47:11.710 [main] AddPetToStoreWithLombokAndDataProvider - I am asserting actual and expected value
[DEBUG] 2023-06-14 11:47:11.717 [main] AddPetToStoreWithLombokAndDataProvider - Expected pet id should be 3 but we found 3
[INFO ] 2023-06-14 11:47:11.983 [main] AddPetToStoreWithLombokAndDataProvider - I am asserting actual and expected value
[DEBUG] 2023-06-14 11:47:11.983 [main] AddPetToStoreWithLombokAndDataProvider - Expected pet id should be 4 but we found 4
[INFO ] 2023-06-14 11:47:12.272 [main] AddPetToStoreWithLombokAndDataProvider - I am asserting actual and expected value
[DEBUG] 2023-06-14 11:47:12.272 [main] AddPetToStoreWithLombokAndDataProvider - Expected pet id should be 5 but we found 5
